# SSL/TLS secrets log file, generated by NSS
CLIENT_HANDSHAKE_TRAFFIC_SECRET 04fb7f03bb9aa01545c099b334cecdf5281f3700cc4bd92d98c967963528720e ef6954cc45760b81a2119452d57380f8a9dd429354ef520b20476ebde03ec108d7c203fd491f7eeea55e8e614f870f6b
SERVER_HANDSHAKE_TRAFFIC_SECRET 04fb7f03bb9aa01545c099b334cecdf5281f3700cc4bd92d98c967963528720e 5c9aedb43f39146c9f8c7f70215b298e7003b769da6b53c9d7f874d20bea711c86d94cd9818bc72fb02759598a7d3759
CLIENT_TRAFFIC_SECRET_0 04fb7f03bb9aa01545c099b334cecdf5281f3700cc4bd92d98c967963528720e 6c1e9752afeca927d7a217a07942334693ced2a5efc19e2d2ea63fe0a2445d61635150a5e6abdbc9673ef051e9e17c43
SERVER_TRAFFIC_SECRET_0 04fb7f03bb9aa01545c099b334cecdf5281f3700cc4bd92d98c967963528720e 78bd1ddfdd07e62ab950aa3d4d3cf57c8b1ab0676b45ba896db8c1c2766ac9d425b65e766c719dd6257664fba3623077
EXPORTER_SECRET 04fb7f03bb9aa01545c099b334cecdf5281f3700cc4bd92d98c967963528720e e086eab955736a58c7e7a9bd5e2f55e08db37763b0617594022a33eef6ad567d8d5176c2fbe6f13c3e77f96409c703dc
CLIENT_RANDOM ffdb0f9035ba616b0ce23c6228da86a1d770236bcd561f59a6abb171be785143 ef23009e153ef730d6066ff9511fb997af181eb588403f37c3ab51a88b397776806b935c90998bad978ceadf68fee127
CLIENT_RANDOM 117bdd03794c4a4f659cac0a9bfbaf18265a8e362ae3fb9453bb021e2869eeb4 925476b8f8b45e46682295064d7db721b97017d8f966186dfd998127f91925160801a87b1900523f4b8b97e7e03ff8a8
CLIENT_RANDOM 44243a72bb7dec2422145f69f3e2e8f1a15f1bf58b07ba509ebc7ec5e4db82bb 1c4558d2e9add7a68897e3d92d9697b6d9db9d5ef4578a52442ec388b218ef550a2e1bdcecbfb3948df3446f9be6cf4c
CLIENT_RANDOM 8d30d900c8e207a5163fda41e699b779a1dbfc84ab44294fc27d11f78f0edb35 39fa15a8da6140b8f1b10e694017153fe925be5f080d6ad378eb3aba731353de3772440f16710a5ad9f69c25e367b26c
CLIENT_RANDOM c35c33e777b472c2acd332b74bccf35d6c887447c69208f7d3c693d3842c82cd b0936f4c5f3b0096b6f0bfeca6ede21eee54d0ad9021d9b8a98337b7c81d494c9c1c1e524d0296c225a773d50cdf9f92
CLIENT_RANDOM 96529d34ce000ecb172d51b3d0f3439af0ed61a7a4d1c96dfbbb077a36fd71d9 b9ccdd42a4c23f0be30f0e3541277c3d172e4c178c219580d4f46bf94db77ee4c07601781ff3f321f255598eb6b3b8fc
CLIENT_RANDOM 123f622fb613aae126111b5683e523d3c023718ce6de8bc3fb2c1abe8167ccfb b9ccdd42a4c23f0be30f0e3541277c3d172e4c178c219580d4f46bf94db77ee4c07601781ff3f321f255598eb6b3b8fc
CLIENT_RANDOM 88c843fb939daf8fb2bd576ed5958b55f6fa2e6e250b6ae5574b019253498dbf cbc74866b28da266e706943d3085be61bd900ff3c05b0ee125091ecbc55c62196bdf01735a6885e43f92f4ca4a95fe2f
CLIENT_RANDOM 7496450420c90ef9e7fecadfe2523d7464c6ef10bb960a49523ee4de30985aed 9fde908006a3ae6295a263e18d3f105dea4b9a7aa91d1ee7aed553ce5f8d397c745b0c937bb00fe14d1c9f57646ee3b1
CLIENT_RANDOM 704b41f70325c3b794a028e5762f937596e92931a5739cbc94309c59f29e0fe0 461073ec27a00bc85bb4d987768a8b801ad45b0308423432f743977e17b71ebb82fcbb600156b74096b0dd22689f8f13
CLIENT_RANDOM 4c3859ef66302c6c646313c4592fc5cad99dfc9dd97bc7d9979f7e2713aeb4d7 91310d77dd2c69e091063d70f04c02e039341a499282a2b2f45ee6a90b55276ea63c2ad9eacbf852e55679df1de07158
CLIENT_RANDOM a3af5112b009fc1cc732367891f1f6f2cea448dec0f648240f8cb11be7c203cd f1c08213f9c814023884a47af45472482ed52165c5303082701448d41026a5f43e1c350582f35803b2876112e72af55c
CLIENT_RANDOM 08ddec9c583f762a6611260cda733e5632c524d711d7223a4bcad6df39fd8093 f36d644ae009efc48e7151c6b0193ede5abc51f8039bd16f645574121de4848e4e8720a4a78493c92a5ebb282bdb3402
CLIENT_RANDOM 3be3f6d31e316e8a4145328089c882786ecd00cc0b829a599861bf1e717b9c94 84776250ece36262e8f07990a3fea5e69be97674f96f521c7f66981a679f624d659b72f3b85031a1e7b980149f7636b9
CLIENT_RANDOM 2549f97661eb55e81de224960ab0477d5962507e5d00792b470b93f72a88c388 7b325856f4b1cfdab6410c03eec4feda6b99102572770d38c6822640a60ebd93de3f338d435b76b00f9aa073551ea914
CLIENT_RANDOM 592a251064179f6f475a753932282927f70354134a6be574642513a32e7434a6 8bbd5ecad3315c2db57d216a5d1eee7ae758748e2509d8d69931a81dde541528c20ca82a5534b35a04628049d8c2bb48
CLIENT_HANDSHAKE_TRAFFIC_SECRET 721702d505b2c09d1c680ea25e62ec8e2303e5ce9e24acab8973d65875c23872 db30f11fdcf1df3cfa8957202c281e0fcf0939d93c62c2ab15642695afa60fde9b45581891667187ae1b416f94bf28eb
SERVER_HANDSHAKE_TRAFFIC_SECRET 721702d505b2c09d1c680ea25e62ec8e2303e5ce9e24acab8973d65875c23872 e9c776768e3ad5463db46ccb4834868df5ea1d2998be7354d62f793d0a5dfd9bbe03f272dd6da4fa412e15a362177946
CLIENT_HANDSHAKE_TRAFFIC_SECRET 664fd67078efa5a9a45d7d9226eac1bd1d91f7bd1ce4a1aaa13d6f032ad6f5f3 1a770a912607ba81005cb53b19200cf61e04927c358225a614d778211e53fc370b7b848d66cc41656a7155fb96934117
SERVER_HANDSHAKE_TRAFFIC_SECRET 664fd67078efa5a9a45d7d9226eac1bd1d91f7bd1ce4a1aaa13d6f032ad6f5f3 bec9f28b694dbe470f7438c533f3647956a34eda485ba2f73ac821a026a78866678690902887387b81d5f21226c85040
CLIENT_TRAFFIC_SECRET_0 721702d505b2c09d1c680ea25e62ec8e2303e5ce9e24acab8973d65875c23872 ebf93292400ccddef1caabc1e69580c2d5a6b7cbee0842c4bd9ccc649a66dbbe900fde97554029902163d654493f5ab9
SERVER_TRAFFIC_SECRET_0 721702d505b2c09d1c680ea25e62ec8e2303e5ce9e24acab8973d65875c23872 edc7e51a938578f5fe37b64f01b204b192c68c2f872a705f6ce847d9965b1d7bfc6d768f4925c84bc19aac6820aeb54b
EXPORTER_SECRET 721702d505b2c09d1c680ea25e62ec8e2303e5ce9e24acab8973d65875c23872 52d43136b06ea9a63e9a8843032142e2b2696387cc4dae6c3469f89cf3d59f05e219727c7eba91db5c86f3e2e08e0855
CLIENT_TRAFFIC_SECRET_0 664fd67078efa5a9a45d7d9226eac1bd1d91f7bd1ce4a1aaa13d6f032ad6f5f3 12682ca5bac79228da17bfc13c64eb551d41712bcc2ec608cf765a91c909727ab7e4a72b456e3cece7b6c105fab442b4
SERVER_TRAFFIC_SECRET_0 664fd67078efa5a9a45d7d9226eac1bd1d91f7bd1ce4a1aaa13d6f032ad6f5f3 541b8208610f1bb87fc6ab179fa4d07b6db2c49d71b4b4b126db952300d2c959d026d310808f74d02673638787303a23
EXPORTER_SECRET 664fd67078efa5a9a45d7d9226eac1bd1d91f7bd1ce4a1aaa13d6f032ad6f5f3 13c7d5bf4d18bb96450cac9546999313623e2ae39862bf1145594cab11932fc5d73030ef82226fbcc8322ec90c1fa6e4
CLIENT_HANDSHAKE_TRAFFIC_SECRET 5087a012081f8c7ab7838d09650c577a37a75b3c244aa2d548a5af8eb519c8a8 d6e2ebc3d07f017b482837e9ae012928bd5f75f3b094962728e1b321662589c3fd6b8f58626247dfc3e479026092c741
SERVER_HANDSHAKE_TRAFFIC_SECRET 5087a012081f8c7ab7838d09650c577a37a75b3c244aa2d548a5af8eb519c8a8 a9e805dd8e1567eb6df2c6cf7e971387db035cdc0f7489bae1a851f453fdeda2a710e5a0b43ed4c6836a85d03fb4e077
CLIENT_TRAFFIC_SECRET_0 5087a012081f8c7ab7838d09650c577a37a75b3c244aa2d548a5af8eb519c8a8 0370b39a5c1befe018ea6d69f3cfe6007c0970c70d7a840c6b9d2570a7b769d43a705af8a06a1efa35b4135d120fd061
SERVER_TRAFFIC_SECRET_0 5087a012081f8c7ab7838d09650c577a37a75b3c244aa2d548a5af8eb519c8a8 335f824d21aaa4e80a00114e59979777eeaf42afc76cfebfdca37c5a435d078cee3f4282e501495c0ff91dc5c5cff67a
EXPORTER_SECRET 5087a012081f8c7ab7838d09650c577a37a75b3c244aa2d548a5af8eb519c8a8 0bf0d67828163f98d41a4ffc2ae1b1a2a92700153205d90ebe4d0e3c8f13f218e5c2efce2ff3592a7c13b12f9abab54d
CLIENT_HANDSHAKE_TRAFFIC_SECRET 9b96e4d0ebc7eb5e312485de384dbad86e7c5b4cdee1a617ac97be3037c989ce 4869157c42296d482358a612255618d0d9737f85e2e4f4f0bf934d7f37a892743cb946aaa6909888e72949f6e54327bd
SERVER_HANDSHAKE_TRAFFIC_SECRET 9b96e4d0ebc7eb5e312485de384dbad86e7c5b4cdee1a617ac97be3037c989ce 27d7a79236e6b0801510c7720af82e55eb5d31976169ed12614bf7e3abba11523ea663114b6acbba6aba9740d928d7d1
CLIENT_TRAFFIC_SECRET_0 9b96e4d0ebc7eb5e312485de384dbad86e7c5b4cdee1a617ac97be3037c989ce 811172749700f40087d1403f0b0b5f5b9ace2fa05833d3607fe27edcdcbd14aca03491a3065436fedc7e6c58fd0d3b56
SERVER_TRAFFIC_SECRET_0 9b96e4d0ebc7eb5e312485de384dbad86e7c5b4cdee1a617ac97be3037c989ce 9868a40af896ee9723345e3c7b19b2770c7ec88d006392e06f0b5607978a5fc4ac180f8f534e8bbae78d9540e69cf1e2
EXPORTER_SECRET 9b96e4d0ebc7eb5e312485de384dbad86e7c5b4cdee1a617ac97be3037c989ce 03a1fa285d0e68c845ae8e4b94c232133fede14c9542c0e9242ea36da5223bdfa9fd238129021bd60ddf0984e16d23ec
CLIENT_HANDSHAKE_TRAFFIC_SECRET 605bf965a2bb9b6744c9c022cdb6c4bdf74a25d1c7b20afc6cb6dc717efe0597 2dadedbe19878e0721f29ac5107ca70cb6044945eec56045fdad724bef3b2f9319cb0c0bfb614f9964232b5a0744416b
SERVER_HANDSHAKE_TRAFFIC_SECRET 605bf965a2bb9b6744c9c022cdb6c4bdf74a25d1c7b20afc6cb6dc717efe0597 1149899bad08a69be356fd3cc4c4798ddf44c7372d52774daab60726a5d6a939a69c482420df72a0e09f1e82f4f0f1f7
CLIENT_TRAFFIC_SECRET_0 605bf965a2bb9b6744c9c022cdb6c4bdf74a25d1c7b20afc6cb6dc717efe0597 27e12f3edf046c900e5c6bf691c5f427e89e8c4b67fa3fadc46af7e235d8330d8e3c75358f40a8239a8928e826ba2c31
SERVER_TRAFFIC_SECRET_0 605bf965a2bb9b6744c9c022cdb6c4bdf74a25d1c7b20afc6cb6dc717efe0597 b17844ea7bb490e80c66792f096e395cc89405258d61f569da7bb4defef63de6073dc76dec745a5c0064959361228376
EXPORTER_SECRET 605bf965a2bb9b6744c9c022cdb6c4bdf74a25d1c7b20afc6cb6dc717efe0597 0a40423652931cd0a5d7199cdea3a864a6cf1abe6a2fc4dfaa0ca6c3f0aa4d5f3e08f0ed5bd2649c5bdd686063cd01f9
CLIENT_HANDSHAKE_TRAFFIC_SECRET 7497f3c02ada5fa49de19c01d1e9f61b52546d68e96818fda307360747fd5172 a74bc63bc17f7f93d88c30b0aa2881ba12c4574fe55c12d94051f3e7275ecdd620295d7c84d719a21cfe83131a4b841e
SERVER_HANDSHAKE_TRAFFIC_SECRET 7497f3c02ada5fa49de19c01d1e9f61b52546d68e96818fda307360747fd5172 7eba9dd6ba7aa7972985499f78aa15a9b86e1539fb75b23520be880bce20956e3f71fc78da938e723ed07fc0ec0d19b7
CLIENT_TRAFFIC_SECRET_0 7497f3c02ada5fa49de19c01d1e9f61b52546d68e96818fda307360747fd5172 29ff39a37a5cbb81774b89c46bd4a46f2453282653557047179c39d9e69900ee0975af8364b66cd116033b624c9c28bf
SERVER_TRAFFIC_SECRET_0 7497f3c02ada5fa49de19c01d1e9f61b52546d68e96818fda307360747fd5172 db961a197f4eda8721c897882ff346e97dd8d902f7bd44c9f794ea4456d50ef7820009561a12a048d6642d9f1c6ccb44
EXPORTER_SECRET 7497f3c02ada5fa49de19c01d1e9f61b52546d68e96818fda307360747fd5172 a735fc470f7f8afc163025ba6a8057e03a0997ff522c229b4d71367f515ad81303eae92378303ec43c12285848c2d559
CLIENT_HANDSHAKE_TRAFFIC_SECRET 4f9c46a8a664b58a84271054136b515f078becad0cb43eb8fb66d33589038b02 9b7d43c1d65a7f508776e5cc660f1fe3dd332eaed91d8a2d386ebf699e716a8c66a4bec3f390e152ee9b1e6c65567af3
SERVER_HANDSHAKE_TRAFFIC_SECRET 4f9c46a8a664b58a84271054136b515f078becad0cb43eb8fb66d33589038b02 bf8bc2d7fca5b45779147b1a55ba5e9156956dbaf42ee235c8775688efb3feb316e6cbf7fa84775d51937c17371058ea
CLIENT_TRAFFIC_SECRET_0 4f9c46a8a664b58a84271054136b515f078becad0cb43eb8fb66d33589038b02 c9b45506b5c1ddf8b6615d110fa8041eb746cec2f372458c67aaa77faf2ffd111371fbf00afc25270651d2d2f14eb587
SERVER_TRAFFIC_SECRET_0 4f9c46a8a664b58a84271054136b515f078becad0cb43eb8fb66d33589038b02 ad475948c5f2fcef6baf2a68d148df9d8bde5340767a2a065424d42b161be57c395cf4e175fceaf31a57adf74e5e21c3
EXPORTER_SECRET 4f9c46a8a664b58a84271054136b515f078becad0cb43eb8fb66d33589038b02 1b93d524ef3e3b47dc7ffa09151b91015c3364c05a386b1acd13c57112526178cd7c5aaa2afa814e9bf22e31e73e46a2
CLIENT_HANDSHAKE_TRAFFIC_SECRET b947ac9611f972b0f3c60f7acd7bacd94a3d0af364a3934f1c46f8f7dfd4a2b2 3e91a4a8eda65d84efe0d24815580c8426235c8eb12aa896cfa8ac3ce50f786a8a14d2fadc6c2323758cb9cf1d225673
SERVER_HANDSHAKE_TRAFFIC_SECRET b947ac9611f972b0f3c60f7acd7bacd94a3d0af364a3934f1c46f8f7dfd4a2b2 9abf5470bd89103468bb172c08435925df0b2b35d0107e872c8fb16bca326ba37fbdee922feddaf4dfd461d6e2accded
CLIENT_TRAFFIC_SECRET_0 b947ac9611f972b0f3c60f7acd7bacd94a3d0af364a3934f1c46f8f7dfd4a2b2 3a9b7253d7276cc245e2285d936ae6b0963b952d96d2803352ef016598221dcd2d97968dca1076ce2f964ce387f75a56
SERVER_TRAFFIC_SECRET_0 b947ac9611f972b0f3c60f7acd7bacd94a3d0af364a3934f1c46f8f7dfd4a2b2 1f22d54874e902b0d5c7b56927e3ac245d6ce9513c6a5e66ae9ebbe28863141d0a44df9e62e3b4ff8e36ece12ad4de27
EXPORTER_SECRET b947ac9611f972b0f3c60f7acd7bacd94a3d0af364a3934f1c46f8f7dfd4a2b2 e44413deb984cf85b891ff475e585d9669e8b5d5c0d4cbcb25e187a508050b0d8aa014c5715b308d50ace0a9d3573785
CLIENT_RANDOM 9061e2f07ab6caf5764efe29c88d4cd516583953e3546d3608fc2ed6d53ca4de 4e89f4c3314e3388a9290d6a4c718f4b54807713a236a0701fd708bdccf1979651346d26347fb6578c0929c0e61f46ff
CLIENT_RANDOM ccde4cff3917145066e65d565b83d2654b5154dea6a941bf26655dff059efcad d702703afcb1faeaa415bb61995841a720b34cbd2645e554b8caa1b2ea0518081d42049b15f6ed601e3bf38147d2d756
CLIENT_RANDOM 3868950c5e5f9b1177eeb9244ae5b761a2a3ec0ffc5cbdd885d033b82e37a327 4e89f4c3314e3388a9290d6a4c718f4b54807713a236a0701fd708bdccf1979651346d26347fb6578c0929c0e61f46ff
CLIENT_RANDOM 82fe19a75140d2ac4b612f67c8b98d4e057760f5d754087294da639335fe330d ee8a5b7e4b8e44f6a5b8224ec89b6816de8bfd9beb1261dad4b3ae0a9ea50429dfa539197b993c4e46310bb34de250fe
CLIENT_RANDOM 17f1a0cdc1bc593d61f417d9a1d464a2e8f5e975cb084471f7e38ddd6d745831 918e88b4ee8a32bb1ad7160d082fa09660933c1413dd2406c7bf25b497e294ff3728a6844daf974ad2e724cd8552661f
CLIENT_RANDOM 86fb0edc6c8913f1fa56416ddf2a0de11f3aefd43a9eaf2dafed5fa428246ba1 8bbd5ecad3315c2db57d216a5d1eee7ae758748e2509d8d69931a81dde541528c20ca82a5534b35a04628049d8c2bb48
CLIENT_RANDOM 638a8a22127c6e6bb5d423ee914db6a02b50de93c74b07bcd30cf871c8156944 8bbd5ecad3315c2db57d216a5d1eee7ae758748e2509d8d69931a81dde541528c20ca82a5534b35a04628049d8c2bb48
CLIENT_RANDOM 02064d22022df311e94362cbf8d3d1fcd81354b59927c323407acde53125d35a 8bbd5ecad3315c2db57d216a5d1eee7ae758748e2509d8d69931a81dde541528c20ca82a5534b35a04628049d8c2bb48
CLIENT_HANDSHAKE_TRAFFIC_SECRET 31708704406508b851ecd36db07bbb80fca73b31653bab5bde70477f1c5b727d 3c262115116e03228368d5c5484c2a142396cdd0a0000ed7a65f1c468ff98a2fb714a8a765aabf128da5234f4dfb20f9
SERVER_HANDSHAKE_TRAFFIC_SECRET 31708704406508b851ecd36db07bbb80fca73b31653bab5bde70477f1c5b727d 3433869ed013bcaa66e510bea4173cec8ea1a85e830efd984d79787fe63282790a2b1b009eff2a599130373ae99ae644
CLIENT_HANDSHAKE_TRAFFIC_SECRET 3adb8fad6b416272474990ff814bb05c576cb73c9aa14d4fbadf97f729347253 e2771a9616bcb89084a8d9e544ec4b45f8bf45dd9c1277cb3a0f9051ef00762df1510036e173f4221871e2d36aecd9a5
SERVER_HANDSHAKE_TRAFFIC_SECRET 3adb8fad6b416272474990ff814bb05c576cb73c9aa14d4fbadf97f729347253 ab6138caa3241042fcabf04777ab9d75ec6bd4db0626147348fb7fac2922edd8cae192af7e4f8791de5b1cba9e39cc4a
CLIENT_TRAFFIC_SECRET_0 3adb8fad6b416272474990ff814bb05c576cb73c9aa14d4fbadf97f729347253 8b4c74406bfc3e731c0cb682c40aa54f22015ee0b3dbf7f3531e4da35bd5169ab434d58e8ef76a95b86a145a1fa9d002
SERVER_TRAFFIC_SECRET_0 3adb8fad6b416272474990ff814bb05c576cb73c9aa14d4fbadf97f729347253 6cddfc37b5062d64dce342b8c457d720f7a947eb4ae8990adc8cca5ff25a40d3af2d6eb35448eecc58d97d76b9705040
EXPORTER_SECRET 3adb8fad6b416272474990ff814bb05c576cb73c9aa14d4fbadf97f729347253 5ea14203f857ba875310440544c8cdf54486d7ddbc954924fd8c0d1aee01e9d32914fd416ef418bab76878b05780b98e
CLIENT_HANDSHAKE_TRAFFIC_SECRET 38e13c4799be54d82d750193f8c51e1873b24a9a10358994f9a74b669a896969 f1526a0956252f843b5b4506a358171246f5d7c4d8ecd997f78401465328e84888191389cc5116e48951a6ece050f380
SERVER_HANDSHAKE_TRAFFIC_SECRET 38e13c4799be54d82d750193f8c51e1873b24a9a10358994f9a74b669a896969 8bc333cd83d397aaa63a9147769822a69253ec548c9c7ec9e442e89de03ef0295c88a115d43f7eb94d9cc5163928ee39
CLIENT_HANDSHAKE_TRAFFIC_SECRET 39ac43344b9dbb975d40dc1cd93529076e90416f64ea2f7698963c5c9e0668cc a490765e2d2a57c2ece4f1821d5fce2885cf77feeb5a7f5f5dde8272f3690bd86c5e7f2b658388130bc42c730e3f271c
SERVER_HANDSHAKE_TRAFFIC_SECRET 39ac43344b9dbb975d40dc1cd93529076e90416f64ea2f7698963c5c9e0668cc e2e1c43dfd296d4eb98f1256108e35bce095f101fcaa9d500abd0a42acd5b364c296db7d8cda459b446ec9013eb86a7d
CLIENT_TRAFFIC_SECRET_0 38e13c4799be54d82d750193f8c51e1873b24a9a10358994f9a74b669a896969 152a28a03da1c33ec2b4b01677b2d106cd12f979a1a00016c3306d3d187f00f8fe656ebb33ca35c2e6d1c07bb850b115
SERVER_TRAFFIC_SECRET_0 38e13c4799be54d82d750193f8c51e1873b24a9a10358994f9a74b669a896969 b6e311a0f608ee7c6920475f43b3d2c783eb5c795fe7f1f6aee97b41f347aa5c873d7db7bc10ada8302d32ddb987355f
EXPORTER_SECRET 38e13c4799be54d82d750193f8c51e1873b24a9a10358994f9a74b669a896969 28df45d22d5ebb972a285c739b79293c1bdd8eaa44bca8b1a98eac3eb95c2dd6380534d22922a37c4faba17f1a44081c
CLIENT_TRAFFIC_SECRET_0 39ac43344b9dbb975d40dc1cd93529076e90416f64ea2f7698963c5c9e0668cc d7a0361a74df9382c4419bfc425ecc42c42669c9890c973e182a58fbae1f99469aac5247364924e4511e124a0f2d2fb1
SERVER_TRAFFIC_SECRET_0 39ac43344b9dbb975d40dc1cd93529076e90416f64ea2f7698963c5c9e0668cc fde44bcc4c0361fdfed351ef3c661d5dfc1d7857ff377f6c5815fbe4a70f01babffbc76662d4fa795d58d9bed46544ec
EXPORTER_SECRET 39ac43344b9dbb975d40dc1cd93529076e90416f64ea2f7698963c5c9e0668cc dc5713d5c21b08d2d530177095ea8e8482fea2fbc1b3c4fcdc1103dc74084e2e131803a400d1670f693400e302d396a2
CLIENT_HANDSHAKE_TRAFFIC_SECRET 07d513bc331743696f92852641d78e5f14006bab0fc566349f99c392b70b2694 c51e1565f225dbde0360ce7c88392c3eaf3cd8ca4b0600cfe5758e533b7ef3a63c3079f15b59d560a984909d26f8fb71
SERVER_HANDSHAKE_TRAFFIC_SECRET 07d513bc331743696f92852641d78e5f14006bab0fc566349f99c392b70b2694 e305b7563afdd4c8cf25eaea6410407dbdd8c164dd0026a7e61dd7ad96c2b45f089dc9bea89819ec4d041bbbf01d5a08
CLIENT_TRAFFIC_SECRET_0 07d513bc331743696f92852641d78e5f14006bab0fc566349f99c392b70b2694 c1e7acafb06561f0eaa18060d10238215696f76268306542ba8aa634231aadfee19e6ce68b6a7c0c7546b050f83006da
SERVER_TRAFFIC_SECRET_0 07d513bc331743696f92852641d78e5f14006bab0fc566349f99c392b70b2694 28fa8ad1d8e60dc1527c956dbc98a499b9bc12336e1140bcf33c3cf200acbd6576fe6bdea5716c4a4027895e20613199
EXPORTER_SECRET 07d513bc331743696f92852641d78e5f14006bab0fc566349f99c392b70b2694 b3df1ba40f2690c169de6585213b399a1be49028b9a40cf6371f820bfa0d696b87f9e091162a2ef714f4bd14198333f4
CLIENT_HANDSHAKE_TRAFFIC_SECRET 5ee9eec7196a15f43caee05ce947baf54bb2192c5e918d87d24a4897f0cb13fd 826be40d0218a34de5c434e80a4447d95f0ce6eae7a58288eb0a193c658caa804ad7893df593a45d298d62b46ad5e114
SERVER_HANDSHAKE_TRAFFIC_SECRET 5ee9eec7196a15f43caee05ce947baf54bb2192c5e918d87d24a4897f0cb13fd 868141b7a871f614fc157c2960c9401ad5821cce2f4650646a400cb2449d7c4c2121d6442280ed994fc069e423e399cf
CLIENT_TRAFFIC_SECRET_0 5ee9eec7196a15f43caee05ce947baf54bb2192c5e918d87d24a4897f0cb13fd 374c5d1429cccb8eee2252a6db9dcd2f11b29c15d30fe28b0700faa4f016685ca65b22836a231a5ead10a1bb6e12757a
SERVER_TRAFFIC_SECRET_0 5ee9eec7196a15f43caee05ce947baf54bb2192c5e918d87d24a4897f0cb13fd 31cfa3828fa2471e23a06e0e78b3c493a0fbb7c2ed6342de66a2ffe25a6ec0235d7fcbfdb4a51303f921eb7e608b9433
EXPORTER_SECRET 5ee9eec7196a15f43caee05ce947baf54bb2192c5e918d87d24a4897f0cb13fd 8b97c14411343d82595c2d63231af56c88c24c8151cb3d94042dd56e1e8ae01df8082f9f71e70ae0123fc6489270048e
CLIENT_HANDSHAKE_TRAFFIC_SECRET aab9b6ccb8ac7149f559721932dd4aa1f7f1fb1a6861cef881b213fb2eed1da7 25cb1da9fab1172e30cf1eaed99a3aa7d5ecaae64a19faf351525053bfd7538a1fdaf9c587db9087be8d53623de1c4fa
SERVER_HANDSHAKE_TRAFFIC_SECRET aab9b6ccb8ac7149f559721932dd4aa1f7f1fb1a6861cef881b213fb2eed1da7 ee60529e8cfcf1023dbf0bf5ce6060c267416cb57225b8fda868d9329fdda6539f25f9e8a402f0e407492a20ba005307
CLIENT_TRAFFIC_SECRET_0 aab9b6ccb8ac7149f559721932dd4aa1f7f1fb1a6861cef881b213fb2eed1da7 d445a5b4289444f7f49ffdef8c6751642b9ee310a499f55e86a54d1e91bcebd1f2f59404efb7b7410276b683171e1eca
SERVER_TRAFFIC_SECRET_0 aab9b6ccb8ac7149f559721932dd4aa1f7f1fb1a6861cef881b213fb2eed1da7 8315a24e8cc589de9f76fe13212581b306e837f254639fcba8b3571fed1910e741527548b831a474b523893fc20e0c2a
EXPORTER_SECRET aab9b6ccb8ac7149f559721932dd4aa1f7f1fb1a6861cef881b213fb2eed1da7 33f1acfe74c5aa7016483e8a4f89ddee61cf936955b6f6eeca0ce55ffb52b8d8145f1a4a0ac4987de37152e597c27727
CLIENT_HANDSHAKE_TRAFFIC_SECRET 0f1dc484dcee691fcde21aec271ec5eddf73c4e0826fd609f324e775c9ca0e94 3dd367c9f54e5542d90502f311c8027dbb15520ac9e602a3d975367e53595facd65bb11b66854bbce534b68cce45f33d
SERVER_HANDSHAKE_TRAFFIC_SECRET 0f1dc484dcee691fcde21aec271ec5eddf73c4e0826fd609f324e775c9ca0e94 d1aeee352dafbdb065875ac06809623f8d2da4da8ea65bcb3ee5a509cebe177f5c9dce9528bf346b0192eadf9223c0af
CLIENT_TRAFFIC_SECRET_0 0f1dc484dcee691fcde21aec271ec5eddf73c4e0826fd609f324e775c9ca0e94 badab153dd963b1454d94c986a1b02162f6c9c00cf471ab2d475cf6a5deef955ad10dee2802ab906412667028fd6284a
SERVER_TRAFFIC_SECRET_0 0f1dc484dcee691fcde21aec271ec5eddf73c4e0826fd609f324e775c9ca0e94 24a3a3e983e4b8c26d9ed7ec96b597482dd81d084c82e84a3ec4be11ecde57213be34de7e3c03673afbb888b9227a257
EXPORTER_SECRET 0f1dc484dcee691fcde21aec271ec5eddf73c4e0826fd609f324e775c9ca0e94 26b4b4cbf62e36bef2f4d79119873e6f3379aac294d8819622a874ffcf056e8b605c877ad8aca528e11b1780e2835772
CLIENT_TRAFFIC_SECRET_0 31708704406508b851ecd36db07bbb80fca73b31653bab5bde70477f1c5b727d cb83271b7efa273b6fb90c53d1aaf8d74bdd31d5dcb5658546bb9b89d2837b271183020a99a1eecb155a0f0b372efcc3
SERVER_TRAFFIC_SECRET_0 31708704406508b851ecd36db07bbb80fca73b31653bab5bde70477f1c5b727d 171eefbed5006dde5bb16db9228a9ca407b709e0680ccebe87a73aa54acc90372d6b68c79f947a3e8efce6d7e71c5cda
EXPORTER_SECRET 31708704406508b851ecd36db07bbb80fca73b31653bab5bde70477f1c5b727d af4511e05283cb143192c3853ecb0f3c3c95986e6ef84dea648b14378b1d38591fd101d6e42b89bbaab7d48583607929
CLIENT_RANDOM 941d316a5338692cfa7300785c7bed6517dd949e93f11320ebfcce0ffd807f3f ad413c37ce5c16ae320d3c5d2c588b98e76631cf92d8ae64abf9560c9ea97b9f1da5e324475175500fb3874b2f930fe1
CLIENT_RANDOM 61f814595e668cba8313212b8e365ac4115f2b4de002e52e99702cfb4c1aafa6 60b5eea44cd6b30815207952d06109339dd2165dbdc7de0f31033edba6110b7ed08e538a9ce766546f556c3308a17e3a
CLIENT_RANDOM 2025703e85a742e5bbe54a58986c0c368099a1b970eab98f30ea1ed174d9c83c a4422955a1580d3edea05c81b7f547d9e4092dee2d3d1f544476209b561763ae45ecc82471526c737f8bf0ebe22ac3c5
CLIENT_HANDSHAKE_TRAFFIC_SECRET d3de482bf0a464780316e9dff7cfc0c87fc37cf31192d8968f7571b0201ac04c ef843ed0332ea0f5ee2e1207d585421eed84109b9543f8f496d8dad4c15e5d59e32fc9da06d3b39b16c15b494e4a1b65
SERVER_HANDSHAKE_TRAFFIC_SECRET d3de482bf0a464780316e9dff7cfc0c87fc37cf31192d8968f7571b0201ac04c 526f0dcd93bb5c79576442517e5c59217a6f51e963ad682afdfbe54bd671721fb5577dd79ff0e9a2057edc28e620d750
CLIENT_TRAFFIC_SECRET_0 d3de482bf0a464780316e9dff7cfc0c87fc37cf31192d8968f7571b0201ac04c b29e3aca546a7860e9b57e42b49bf297c4d6a824732dde283e32acd9ba781145dfe009606f9649c24dc0f04495e040c9
SERVER_TRAFFIC_SECRET_0 d3de482bf0a464780316e9dff7cfc0c87fc37cf31192d8968f7571b0201ac04c 71d7f0830eb62fb90f5d30a8a6aeb5cf6365f41ce82605d248168bbfcc96db7f9583fb3cf15baf29fe21eb08339d2fe9
EXPORTER_SECRET d3de482bf0a464780316e9dff7cfc0c87fc37cf31192d8968f7571b0201ac04c 1ef0e28364a19b7cb9b50b81702a6ce237e24bebef0fd996384e9957557f036e6aa2b9ebe208b6c3e6f5d448e134c938
CLIENT_HANDSHAKE_TRAFFIC_SECRET bded80a2d3491af2fe506043056b9234bc56ad50fb14c201c67caa40b3c5cf25 0b8e1fb64567b38b099000af538355c5ec7cdfdc7fb00cfe64d0ec8a0c31fb5c64086301809ce275d1a396c1ebdb7b3c
SERVER_HANDSHAKE_TRAFFIC_SECRET bded80a2d3491af2fe506043056b9234bc56ad50fb14c201c67caa40b3c5cf25 534acf9971b45687f40b9242faf6188548892f685b314e00c63e7951c4d9f16283876069984ff0870b26a37505ccce18
CLIENT_HANDSHAKE_TRAFFIC_SECRET 9b6dc2721e84f6dd4c0525c2ae768bcd8beb3594cdef0cca845add2774af47a2 55e3d2636e52bc59d30f97a3ec71a02b0f665745ca6a7b156d8c10b9ed944deb1b804610269e04c76ca9390612643454
SERVER_HANDSHAKE_TRAFFIC_SECRET 9b6dc2721e84f6dd4c0525c2ae768bcd8beb3594cdef0cca845add2774af47a2 53098069c8de91f8ed8a2357c61cae229d9ef61ebfc3801c57a877ae269343e9d3655d463bd474b6802c70ae279c0093
CLIENT_TRAFFIC_SECRET_0 bded80a2d3491af2fe506043056b9234bc56ad50fb14c201c67caa40b3c5cf25 b28065628b7085bb01ae0ae5fce41d4dda317a7a262307667b178119546443cb322548f93969906f622e291bd56bf267
SERVER_TRAFFIC_SECRET_0 bded80a2d3491af2fe506043056b9234bc56ad50fb14c201c67caa40b3c5cf25 f590bc1dda1d7385835a3ce25bd231215c02f9fc397c4fd4c3884ceb3ada848d79db82ec7b04aa95b3ca9869fc59d04c
EXPORTER_SECRET bded80a2d3491af2fe506043056b9234bc56ad50fb14c201c67caa40b3c5cf25 d17a0c4461923e060d3af16ab1d7af15b62429b1e80dfb7732e61eee66aa9aef3e013e7d6cd4507288306dafd68d3efd
CLIENT_TRAFFIC_SECRET_0 9b6dc2721e84f6dd4c0525c2ae768bcd8beb3594cdef0cca845add2774af47a2 ef4b6e2ba47980623cef364f32f6b5d527d2b3e1eed5683690c4b46cc8818fccf42b4bb87da81627f6e1754cd9700405
SERVER_TRAFFIC_SECRET_0 9b6dc2721e84f6dd4c0525c2ae768bcd8beb3594cdef0cca845add2774af47a2 361649ad00b71bf9ad39db93c8dd700e0d762fd7c3380b76cfe595d594a97794569ac21e2e187fbd6548445143888f47
EXPORTER_SECRET 9b6dc2721e84f6dd4c0525c2ae768bcd8beb3594cdef0cca845add2774af47a2 c726b4d70d3b8afadf0f32f2aca85e923799dd0e70e7eab8e96d30e1836a87a12f1c282139850ec8c16e9ceb56b95f22
CLIENT_HANDSHAKE_TRAFFIC_SECRET e122c45987ab5b284c24d7d4c31dce5c0fc801ffcabd6bc01c7e5572d2efb01c 6adf4697bc40ab95bbd2e8617942761be65ef439f3d7014616200d717d8e8181cedd414eaebfb17fcea842f8669d0102
SERVER_HANDSHAKE_TRAFFIC_SECRET e122c45987ab5b284c24d7d4c31dce5c0fc801ffcabd6bc01c7e5572d2efb01c c97e0561dd4829dd8585c13a8d115c725a0757e400acafa44a69a59d6de0ab6504f5f9c4cccfd59de0b874c5b21b922e
CLIENT_TRAFFIC_SECRET_0 e122c45987ab5b284c24d7d4c31dce5c0fc801ffcabd6bc01c7e5572d2efb01c 749d5aea7f04cb2afa95ad7391481cda522f13443ef01c1d1ad5292119a0b8154d4ff0bc0c0fb2c1855ab2a851198df2
SERVER_TRAFFIC_SECRET_0 e122c45987ab5b284c24d7d4c31dce5c0fc801ffcabd6bc01c7e5572d2efb01c 14532dce60794330f0a807336a32e5ea2ac3d7ab7655b0350552f2aea9c17b046f4fb3de7ef686468e99bce4dec19210
EXPORTER_SECRET e122c45987ab5b284c24d7d4c31dce5c0fc801ffcabd6bc01c7e5572d2efb01c 7f96e0dbe071bdc35dc1ccc0e4cfe1c9020a3ae80663e2e7e0310e2c8fa14c9ae77807beebea71eb494f83829e783793
CLIENT_HANDSHAKE_TRAFFIC_SECRET 7c78e57cfbf651c6fe27214a502585429a4000dffba99becc7735c97c5302a98 fac72e71c0f7987025e2d64a904e4fce6cd70165cbbb09e08c3e1ed5e3d711359043ab3496b6658a9617c550f21b053e
SERVER_HANDSHAKE_TRAFFIC_SECRET 7c78e57cfbf651c6fe27214a502585429a4000dffba99becc7735c97c5302a98 ace816f9ca89a4a56d9250a507add97990f4e2d27355c55e84380515d9289f11e806ad6fa3c06d83b898aa0f7506c522
CLIENT_TRAFFIC_SECRET_0 7c78e57cfbf651c6fe27214a502585429a4000dffba99becc7735c97c5302a98 1214645c0a61b53ed2512eb64c1fb3629593c460d17be9e1bb3ac5d2c9be0ad9db609178c2b837dd8f22172a3e2e58a5
SERVER_TRAFFIC_SECRET_0 7c78e57cfbf651c6fe27214a502585429a4000dffba99becc7735c97c5302a98 cdcc495c5b260e89b1be23c06286dfaf1508094d7ad3378d370f50fb28de7d856568c7443bc3cdc9caaf9ac96651ea70
EXPORTER_SECRET 7c78e57cfbf651c6fe27214a502585429a4000dffba99becc7735c97c5302a98 3f3c31bfaa9aeb0f9731ced760563a8079c912ffd0e1ab7073ed3e8b1c0f1353988c30053ce80a9d76820c3895738099
CLIENT_HANDSHAKE_TRAFFIC_SECRET 8019ff3cf6649a7f3167ab8ec7683c7ad17b4498a62d97028b49c4800e8cee30 6f564dd00d8d0e758dbd35a35d07d4c7a626f89b74355942d7c8552651ee5bf6bd6c2ac5124ab5a12ac9109b464ea462
SERVER_HANDSHAKE_TRAFFIC_SECRET 8019ff3cf6649a7f3167ab8ec7683c7ad17b4498a62d97028b49c4800e8cee30 552b25dd62e2e485c0691849087c61533fd31a5d702794abf1ae4d93d12742e6c53764f7b6c0bc0fd9b7b3cf5c7b5073
CLIENT_TRAFFIC_SECRET_0 8019ff3cf6649a7f3167ab8ec7683c7ad17b4498a62d97028b49c4800e8cee30 1ae8478d18db5758dccadca08885f035afb201b79910e43d3b2080954252abbc660d500645cafb84e25d8db0c3c43c10
SERVER_TRAFFIC_SECRET_0 8019ff3cf6649a7f3167ab8ec7683c7ad17b4498a62d97028b49c4800e8cee30 6da92588a87dc4cb5626fd5d7be90dfc0001ea70e151692afd7680a3a583e2038dd3f0aa6317cc03abea944b2af0cc89
EXPORTER_SECRET 8019ff3cf6649a7f3167ab8ec7683c7ad17b4498a62d97028b49c4800e8cee30 0e1f3fcd482aa6e826cc16e523a09394e1ccbc9b24572e4cee941769ab6b15d230cc94cbc876d6a0e80f4f9b28fb18a5
CLIENT_HANDSHAKE_TRAFFIC_SECRET fdc2dede1861aad8870df6a07c0a6b2534f3d507d3264432d5fe10fc9a6e5378 01571ecedae34a74c22b7530a13b11a30137387ae1c7409df4506f255112356969cd7d6f78f24eb24740cd9de4013520
SERVER_HANDSHAKE_TRAFFIC_SECRET fdc2dede1861aad8870df6a07c0a6b2534f3d507d3264432d5fe10fc9a6e5378 05170c077ba2e3f639e11ffcbf60b399a934c5ab4651289805ff529670c89c664a2d228e5245670efb1acd015038502b
CLIENT_TRAFFIC_SECRET_0 fdc2dede1861aad8870df6a07c0a6b2534f3d507d3264432d5fe10fc9a6e5378 01d466be1a77b86ffe97f866086da6ccd962bf76647db2d424f4d855fd29a305b91384dce6e8d6f1a23e59b90a362da1
SERVER_TRAFFIC_SECRET_0 fdc2dede1861aad8870df6a07c0a6b2534f3d507d3264432d5fe10fc9a6e5378 ba90281feada546458d2bc97a137e5de1ed65b392fe0f6d9796853dfb7360d287cd4c949cb62d7c67c49485bb65a1cf1
EXPORTER_SECRET fdc2dede1861aad8870df6a07c0a6b2534f3d507d3264432d5fe10fc9a6e5378 10aa9337905169f838f2e0dc9d546f6a95ba4676c1e5c6446330a01437cdb72c07558f9edf53fb3c8482d57dd3faa1a7
CLIENT_HANDSHAKE_TRAFFIC_SECRET 23a3b426d530d4b7c9c7ffdc35591d61151e21568b538c42fd5b77483b016b8c 809f43a625e2de22f0d1e11c1fb8252b1167baea98b4efd975a645da215e1f0cbfb21d4455beeeb77533060c2778604d
SERVER_HANDSHAKE_TRAFFIC_SECRET 23a3b426d530d4b7c9c7ffdc35591d61151e21568b538c42fd5b77483b016b8c 09642281ee904db41e4cf436a584e8c79457192eb502e5994e39c79df83a5502271440e5bd824cc7dffda1d7cca7bf9f
CLIENT_TRAFFIC_SECRET_0 23a3b426d530d4b7c9c7ffdc35591d61151e21568b538c42fd5b77483b016b8c 3137953060ae10d8a67e6a1980ee9287ffa198c1de4ca4d70c1a9cdca42429b1828a4498ef1ab007f0d0d7afbddf52ae
SERVER_TRAFFIC_SECRET_0 23a3b426d530d4b7c9c7ffdc35591d61151e21568b538c42fd5b77483b016b8c a9552a9cb9c876b6b620aba8d7260658ca5319fb4838eab23d137b0426a5e84cfe505f0a39342f6c1ac9b39680bc6d1e
EXPORTER_SECRET 23a3b426d530d4b7c9c7ffdc35591d61151e21568b538c42fd5b77483b016b8c 8df7d00e41da90bcb202ca3521ee13dd9d9c5a82f0849aa0fd39a07614ac1cec64cffa4d5d02f1d293cb5b9a51e2c138
CLIENT_HANDSHAKE_TRAFFIC_SECRET 2588d9e00ff950379db4a879c092157be1139374d636bb888da08b0928af4589 7a66a1c5a320994b123c6c5e8955d81155143994fbb0b4d75a22b2594fe82c72763e1e5ffb80082cdf1cbe09118b343f
SERVER_HANDSHAKE_TRAFFIC_SECRET 2588d9e00ff950379db4a879c092157be1139374d636bb888da08b0928af4589 bfebb03a358bbe0428f926f9a94c0128713ce3c295a785abbd78c6521f7fac298e0e1742d6ee63c5c2cc0b677d9496c9
CLIENT_TRAFFIC_SECRET_0 2588d9e00ff950379db4a879c092157be1139374d636bb888da08b0928af4589 0ca7c6f6e8a84aed633d6f70e3ebb5d7ab25f843b653cb3c54b23068fb51d96353d90c0b6cb4cc515e5e85666d227337
SERVER_TRAFFIC_SECRET_0 2588d9e00ff950379db4a879c092157be1139374d636bb888da08b0928af4589 cfb2cd77b20cb5a3e26e1caf9a660beb5173e9ed488613077606c0f0e6d02a842b028f68490f8860c958868e7271e69d
EXPORTER_SECRET 2588d9e00ff950379db4a879c092157be1139374d636bb888da08b0928af4589 11fab2eab78785d792b32cba4a64c9b2979635d796840eb5c843f4cd97cd548279a1e16fed18ab0e1f7b5d56cc0bd736
CLIENT_RANDOM 216b7d506d9a76a50922e5bd0d77d2e85784ebbf0a2e07820d3f97303c24d335 e56362c444ba0ce516a4ea039010479c89d55ad28b7d155e742a57ca298b8982bcb788535d43e13ffb82fea4571d75e1
CLIENT_HANDSHAKE_TRAFFIC_SECRET 4c123405be936373320959c60f119c07969961738a80b4432dd02fe88ecf5466 bc8c817feb20a8d39452fbf5dfa73d41c0c0d24c9da0187cf3099a0fa19ec539d8a072223106c26fbf54fc6f7cccf00c
SERVER_HANDSHAKE_TRAFFIC_SECRET 4c123405be936373320959c60f119c07969961738a80b4432dd02fe88ecf5466 8ebc682aaa69e5ddbe09e9a5d77321dbf57b7ff27a182d8390ea6cdab96866d8a50e8be2c79752182754ff69e7cf2c5d
CLIENT_HANDSHAKE_TRAFFIC_SECRET 5dff94a43245965f01841e3ba5a0d890303124aa212e33eee8a9e5d400899ad5 98bcb49e7e43e019c52313d7acfd73bd1882ff2456a17b7253b2003ea944ad2a1c5b5be418816bc35d1fb7ff23c333c1
SERVER_HANDSHAKE_TRAFFIC_SECRET 5dff94a43245965f01841e3ba5a0d890303124aa212e33eee8a9e5d400899ad5 3ca797a987c44c358e9c9d816d5d790a7b03e8a55b83349d570c43ce6c58deb46a0959102eb89f62cdc83e72e56706cc
CLIENT_HANDSHAKE_TRAFFIC_SECRET 9ce5d04b74e3d52e70da96079bb2270cec1cda82993494b16e9058e89955276e 635ebc97903064d60b36d3745e24f154927df3273bc06aebc706290f48eaa0554b9ea8b09bb995685c27e1cea43ad266
SERVER_HANDSHAKE_TRAFFIC_SECRET 9ce5d04b74e3d52e70da96079bb2270cec1cda82993494b16e9058e89955276e af090498febe5b1c630183c4b4fb9c0eb6683fcbfc2cb183f63d4e6012816bf67eaadf0d0117500df217562a44285ef5
CLIENT_HANDSHAKE_TRAFFIC_SECRET b1abaf35b59e102c1ce0fa744ab6e7a2191950d0c7a2195074bf4878b7f4b499 d3edc18df653f7b2c45911bac765d1447c96e27a0a3dd7ee72bbd9478de4fe43af9a917dc33e2c739fc3e311b08d6b5e
SERVER_HANDSHAKE_TRAFFIC_SECRET b1abaf35b59e102c1ce0fa744ab6e7a2191950d0c7a2195074bf4878b7f4b499 6c1e5fa5aa2d29a481c49fec5bfa148e080a10bfb818c880c94ddb999bca860ae687f54c61802b9f34855d314791db3e
CLIENT_HANDSHAKE_TRAFFIC_SECRET 5621c44551a64735cb0304e1401aa9dbb13fdf4e1f675591b7236c8357c56efb d2691d550466e6ec2acb028f8ec1e07693cf0103366f9f09bbbbb16dcb4ffd1fb73939015ce5ee2a2389134a2c2e37b9
SERVER_HANDSHAKE_TRAFFIC_SECRET 5621c44551a64735cb0304e1401aa9dbb13fdf4e1f675591b7236c8357c56efb 3683938ceaeec25fb13df78ca296c18ec3ef7e74a8e637a9ba2257f9c76a0b3fa5cb10b8e03536c3412e76c192e393ec
CLIENT_HANDSHAKE_TRAFFIC_SECRET 6fa31443bda18b7a7745f80f2f7e1ac962d9f519009e04b2d255e8c600b576f2 9ebbd11bf53eb42235cd9e750dda5d76071aa5d6809ff958060e667080d87a17dd58544752f03e1b55a38a56c096c186
SERVER_HANDSHAKE_TRAFFIC_SECRET 6fa31443bda18b7a7745f80f2f7e1ac962d9f519009e04b2d255e8c600b576f2 5b895631b0e99884725fa9bc6ebb5b122baa1a7eaa34ebf0fb33d369ca91a91ff9beb7c0c7a5d47e95c654d825b9dccf
CLIENT_HANDSHAKE_TRAFFIC_SECRET 3b19a3f7cc21ab1d5663ae079fad553bd56d9ff49044b938f37394a084d92002 667005313d5e76cfa21a86762351b4b8390a7c510e63c5355de206d8b2c9cd54b530daffc73e9c44041a2047783d3cbf
SERVER_HANDSHAKE_TRAFFIC_SECRET 3b19a3f7cc21ab1d5663ae079fad553bd56d9ff49044b938f37394a084d92002 ad48c87d263f01a37e4ab95299b33b3c76450f01a8d697ab6fb2617821823d1fa6059e413ce873fcc8a7a7cf734fdd33
CLIENT_HANDSHAKE_TRAFFIC_SECRET 0546822c202a7968dece50ebf71ffc51d75c8ef1e7729e29e2e6cea025a1d10b 4c16fc3ec833cac74d04b392150ee9e7dff2d574910102fddd869b0441d9e15945b38d2d242828cce5cf9f5df6a8a79a
SERVER_HANDSHAKE_TRAFFIC_SECRET 0546822c202a7968dece50ebf71ffc51d75c8ef1e7729e29e2e6cea025a1d10b 7cff78b10448c0575f3ef32eb93d60bceaf6315845bf05bdb9af4c01571f6dc99dbab25237269afa92e05986f820398e
CLIENT_HANDSHAKE_TRAFFIC_SECRET b0c3ee6abb7d314d7f70798294b3bc1a97df9b6d9f912475099a00f7c171e2fe 6e6ababe7452a019fe9e89ffb66cd3aefe451064ea603b92133c234f34c5b06f76eefda7fbdf8b097c2e53ec297c06c9
SERVER_HANDSHAKE_TRAFFIC_SECRET b0c3ee6abb7d314d7f70798294b3bc1a97df9b6d9f912475099a00f7c171e2fe 59a5bca9358cc9adcb7662386ef0abb7cafbf0d3391fbeefdae55d38acf2298cffb4afd74197b1ee20d11a96a402d239
CLIENT_HANDSHAKE_TRAFFIC_SECRET 54a0dacbef964200d17b61a615765b963dd838919c5238f5a0eb621e4b6e1d07 a14718d88d66e2269fd00b8a2625a211fbe343a8e7532c8ff1b7b53d65365ca1a74b35fc2960c512178f6b81ca8fa9b0
SERVER_HANDSHAKE_TRAFFIC_SECRET 54a0dacbef964200d17b61a615765b963dd838919c5238f5a0eb621e4b6e1d07 be1e2a5cc9ccea9dd9f42e0c6d4ad99a89464e5a8ec4833b9d94541358fbef1726a7e2656c1331b7377d9cab9c721532
CLIENT_HANDSHAKE_TRAFFIC_SECRET 6cc0b91ab80ff54be1d9a0b68db3d6834fbde824ac5840d03e217d1b143f68d2 e6e206cef9f8dc5dfd68c616af6fb1c3816bfb50b7533fc71f51a744a1ffebd6eeaad864202c6e6b4ab426fa049d913d
SERVER_HANDSHAKE_TRAFFIC_SECRET 6cc0b91ab80ff54be1d9a0b68db3d6834fbde824ac5840d03e217d1b143f68d2 1689c89cfba2c53d4a5b2b4283da80e0f60419f196c4f29616159004ea8d0e565063d26dfc3a056fd8b813836af2e698
CLIENT_HANDSHAKE_TRAFFIC_SECRET 27f853cc3ede5a535524c2d43c9d90a4250e87ad43f35208daa611d540c6d64f ffe30cb85b00c385eb257a162332db3564a907ba50a9507a6407f93c33ef61373b2c04601688b7d778080854b8832638
SERVER_HANDSHAKE_TRAFFIC_SECRET 27f853cc3ede5a535524c2d43c9d90a4250e87ad43f35208daa611d540c6d64f a5e1ef4429b4fbc4eb530d56fe76d4a8ed7a7d7dbe681f390a0e203de70493f7dfa0de681a22c1c6dc4c2b3f0ae5a8ac
CLIENT_HANDSHAKE_TRAFFIC_SECRET cf812053b503d33c190a5aac75ddbff031ae3193b0087cb1341f9831a4e52df6 8609e8b8730a245d6c3f1284fc7ce23df75c587d2596f9985dd611780fd6c7649cc272e9362532ba733b8a0f25f8847a
SERVER_HANDSHAKE_TRAFFIC_SECRET cf812053b503d33c190a5aac75ddbff031ae3193b0087cb1341f9831a4e52df6 747a22cf244e73f15dc809121a411449894b942e0a6c9d2ef850a871ef634b7cb3ed471a6e2328b36ff2adc3f6564bcd
CLIENT_HANDSHAKE_TRAFFIC_SECRET 25021619c936ebecdd2ba44d7bc0b12ebd34b5ab9e366846de26fdeb640ba7b5 ef457aa52e939bc67328ba5b509ec53e1b0995d57f62d398cf662f75a1b7333011de610fba052f526368f4c19e7f6a28
SERVER_HANDSHAKE_TRAFFIC_SECRET 25021619c936ebecdd2ba44d7bc0b12ebd34b5ab9e366846de26fdeb640ba7b5 8b9f92b767df79df251900a5a6103496b06892df44ce2f3062178a48090336daa4e29377e0ad66fcc495fac297bb5f10
CLIENT_HANDSHAKE_TRAFFIC_SECRET 1361cf1aacfacfd328b709cb36708bac6877506ed3cd9b9f99b86206020cde2a 4eedbdab784cb6c7a9a37cee9c2ba7a1a0393e4828cf463c9fd9a818c5c9eab48137ad106592eb26cabced5fdf6afe37
SERVER_HANDSHAKE_TRAFFIC_SECRET 1361cf1aacfacfd328b709cb36708bac6877506ed3cd9b9f99b86206020cde2a 928cab8e4442fc79345e366be2a57ceb36604a1c140efa5d661291fa8b6dabc3783880a27eb6678d82729da99eff55af
CLIENT_HANDSHAKE_TRAFFIC_SECRET ce8e7ddd075b3aea369cc6603e43a54fb63f23eebc67bcbde48f996f14e7cb65 57b8fcceebb3c1105cd89269b98ac0a4b8cc434b80cc478775f20ea9a4f0c6c9d2b76d0875416a01e95c315e83e29626
SERVER_HANDSHAKE_TRAFFIC_SECRET ce8e7ddd075b3aea369cc6603e43a54fb63f23eebc67bcbde48f996f14e7cb65 7b8fb95c05717da9a8237dcd2619c18fd5dc94268f0be30282aa61c4cd3ca6f9be0562912c646af0c74ec47d533be8d4
CLIENT_HANDSHAKE_TRAFFIC_SECRET 01cc5d778b169db48057734b299c83c6dee6b356279cf1d92163998129094edf f47f752f9b730ee10cb62d5f2e14cc36fd0dd2b218a5b697477d87bc48897ee3c099a8b2c38df551a1753a5d2bfb35eb
SERVER_HANDSHAKE_TRAFFIC_SECRET 01cc5d778b169db48057734b299c83c6dee6b356279cf1d92163998129094edf 0d3dd35b43fd5e9eb77943ea4683c39cdf128b18fd9ded8b595947b36bffc24b0bcfbc201b1327a13f38fd7547f6cf5b
CLIENT_RANDOM dbc9e5505563cedd920bc181be0981d102307edf8634f2356002a9c70e20e80d 83e3677d764d0ad242cd4f79e08e5f84083ca8d9022df316255f1647b2f729cb2e9ffc6889d0e09605451e32d69f4b79
CLIENT_HANDSHAKE_TRAFFIC_SECRET 002fb2361f8457f35c7a6bbc5c0032372a96ec71cd797d8e906b0d5668517647 ce3e8f3bc2c30aa9aec833e1994adc6fe61aabe9260a7d646835acbde67104ea3256f8d5298a9274437a9e84839175f1
SERVER_HANDSHAKE_TRAFFIC_SECRET 002fb2361f8457f35c7a6bbc5c0032372a96ec71cd797d8e906b0d5668517647 bdd5ba9e2b3fa2e546971374d06f606517111da3e54f39f967567ab340842bc9fb7bbf83998b424b9fafead78fb54d09
CLIENT_HANDSHAKE_TRAFFIC_SECRET 98bdbd93407cae41becc58270b16772d1b185c8020f7a2f8469ea428e9f10c85 46800792c9ac401e210832497003682578c3f6fc02d771464bcf7912973646f030f14e79b8ed4e0504e3583480a3c37c
SERVER_HANDSHAKE_TRAFFIC_SECRET 98bdbd93407cae41becc58270b16772d1b185c8020f7a2f8469ea428e9f10c85 caeba34f9c470aff12c1a1b1d5cb403d5369722179c039d053e9336104a48db8b50b5481e307d0581aa3c08f4bc2d49e
CLIENT_RANDOM d5cd147b8cebba05f735bcc2285a4dd87724f1c0c4fb2d1fecd823f31b16b1c0 b0910f1b09fb93f09ed5c5f319f3514dfdd82b818bd9bf09f1f0ba57d169e60edd459b57e45c1fdbbe13a85ff872d23a
CLIENT_HANDSHAKE_TRAFFIC_SECRET cdd778b9fc361a5c22de483450b55408a56f9e44243b163475da636c127f77d7 910abc45b302c8d518e6f95f143dd1d20ae5e0c29f22efcb5122c205f63834a3a79e721228c9243a65d55dda36eace96
SERVER_HANDSHAKE_TRAFFIC_SECRET cdd778b9fc361a5c22de483450b55408a56f9e44243b163475da636c127f77d7 99caa5aa296fa44ecf7b0aea3f773a958c5e9858c876a80f854571e79a56984cdec547da9d72e4899b3e65e5e5e11105
CLIENT_HANDSHAKE_TRAFFIC_SECRET ddfd339a47966be381cd44a13a49fd0ab5a004bbab06f80834cbccfdf1bec3b9 383328c002857e89440435571165381c561782fb98da7ac00a0a7147b4f1ea9c9eeb7770a426e56180b53b592e14c3cb
SERVER_HANDSHAKE_TRAFFIC_SECRET ddfd339a47966be381cd44a13a49fd0ab5a004bbab06f80834cbccfdf1bec3b9 4740b30b9017152cd11522f52eed0cd721e5a2ca7c129b97a6ec0a342ad22d98d7a899fadff63ba8e780cdef1c0102c2
CLIENT_RANDOM 59f0758d29acd28578c7d97b54838695b1b2fa6bceb924f4d7aa55751a596a23 d291f6d42de1625237ae915c59a8d33a754702d615f4e3bae9ee1dce56568bf2140bbecd9e2d15b34967e6f6b4c56115
CLIENT_TRAFFIC_SECRET_0 4c123405be936373320959c60f119c07969961738a80b4432dd02fe88ecf5466 9bef275cc52f872a1139d7ea6d3955d98dbd5ac1d3c4cf6c55ccab6719a09f13881ee57b03078f124497cd5c8a1db56e
SERVER_TRAFFIC_SECRET_0 4c123405be936373320959c60f119c07969961738a80b4432dd02fe88ecf5466 fb7e724fa1ead48c58bc758aead74d7a3e4bdd9653da1cf353476e39a882ca9b75bce8da3e0bde161c803932cab9b7d7
EXPORTER_SECRET 4c123405be936373320959c60f119c07969961738a80b4432dd02fe88ecf5466 9c6e2e702f592522ad2633c41a2e31d6d76e2e73237d05026f2fec4960413a435faa22a566483bd2534daeaf6858de25
CLIENT_TRAFFIC_SECRET_0 cf812053b503d33c190a5aac75ddbff031ae3193b0087cb1341f9831a4e52df6 d0fe6e066bf3ebdd4b4e57e224b003f633888b5a3e107cfbae739d2dd6bb3ea1feed119b68abbee47eb0ad35e64d20fa
SERVER_TRAFFIC_SECRET_0 cf812053b503d33c190a5aac75ddbff031ae3193b0087cb1341f9831a4e52df6 e4522605d7a883393fdb41cedfdc080618e96a8f93c4cd7831175cff414dc63d66ab5583a2573c6287fdfb7235d1866a
EXPORTER_SECRET cf812053b503d33c190a5aac75ddbff031ae3193b0087cb1341f9831a4e52df6 71320378bad37995982b26aac365fa0cf67bcac64f46f6d045063f691134110e6c5a96b7bb7360c6ec30d01a1306461f
CLIENT_TRAFFIC_SECRET_0 25021619c936ebecdd2ba44d7bc0b12ebd34b5ab9e366846de26fdeb640ba7b5 3ec9d518b27e4f6abfa6ba65e8f88019bc6d47b6ec39852a86dcaac7b9f8558acaaa09d7a73a8caef730546bac471377
SERVER_TRAFFIC_SECRET_0 25021619c936ebecdd2ba44d7bc0b12ebd34b5ab9e366846de26fdeb640ba7b5 ead16fc24d7b9133caf749b8c52699b4e22956a8bff31d4b313cdae22ca8de42816856a211015da127121aa6ee376274
EXPORTER_SECRET 25021619c936ebecdd2ba44d7bc0b12ebd34b5ab9e366846de26fdeb640ba7b5 1cc2a0323be23f8613b7c960b01e11a4ca6b90240f0667c4d85a2b7ffc5094ff911a69b44eded91825ff86e7e226589b
CLIENT_TRAFFIC_SECRET_0 1361cf1aacfacfd328b709cb36708bac6877506ed3cd9b9f99b86206020cde2a 7d56a4b2efda21e72bf9e3807ef9ce5929bc7241c12903a60c88a0ab3084337a5e31ccac2d25754ae704b8438e76476f
SERVER_TRAFFIC_SECRET_0 1361cf1aacfacfd328b709cb36708bac6877506ed3cd9b9f99b86206020cde2a ea44b19f917335a29314a41c1239ee4323c9724fb545cdc2579126beae9f320966a007a20153ed2cf660f8e025f50ef0
EXPORTER_SECRET 1361cf1aacfacfd328b709cb36708bac6877506ed3cd9b9f99b86206020cde2a 52febd2f05361cea6f7b5418dd55f72c3872fd73f92e011144fab64cb0508d271abe42b4802eb6357e74099c0657107e
CLIENT_TRAFFIC_SECRET_0 ce8e7ddd075b3aea369cc6603e43a54fb63f23eebc67bcbde48f996f14e7cb65 0d0bcc81f34cc1275325da3ba889934b4f6e52d3334f0ceed8a201231cd555e8de449cea3570e5f9edf75c84aed55d31
SERVER_TRAFFIC_SECRET_0 ce8e7ddd075b3aea369cc6603e43a54fb63f23eebc67bcbde48f996f14e7cb65 5320c46f215b44142e5463f97eee94f97828b898e521c04a82de22f372f2b857981cb30e99295e0e7791aaf5e81d8c16
EXPORTER_SECRET ce8e7ddd075b3aea369cc6603e43a54fb63f23eebc67bcbde48f996f14e7cb65 7ed8fb0c10033654c36d55f788cc48494d789927627794df5c126949de472b0f926380c995939ab2d7f25ecd7389d69e
CLIENT_TRAFFIC_SECRET_0 01cc5d778b169db48057734b299c83c6dee6b356279cf1d92163998129094edf f8c182ea64e53223c957bdfa5169c000306db0820d6229cc642189f619207ae3a62455d9c4aba9e4f9bff3c72236bb8c
SERVER_TRAFFIC_SECRET_0 01cc5d778b169db48057734b299c83c6dee6b356279cf1d92163998129094edf d246ba64852cbfd4c58acff2878b215513edefa240cdfaff1cb84ebc37292d475700590c94c246baa88c61f268c40dd5
EXPORTER_SECRET 01cc5d778b169db48057734b299c83c6dee6b356279cf1d92163998129094edf 0ec4647f67b63a522d43cb85347b55d0c46022600fa52e3a8c4c8074690970fbb11153b0b0657b7e6e58c9a606f3a362
CLIENT_TRAFFIC_SECRET_0 002fb2361f8457f35c7a6bbc5c0032372a96ec71cd797d8e906b0d5668517647 42bc1d0142eefab56a1380599945745590ff0b6384323a7e52b64a24e06772c03c8d5de1ccf76a7e769e498479fb5b90
SERVER_TRAFFIC_SECRET_0 002fb2361f8457f35c7a6bbc5c0032372a96ec71cd797d8e906b0d5668517647 1f7dd58d28ef31057d67bcb9bec928806f347ea087a98c05a5cfd04c7bed652589b8b51e7e9fe2d8ae4b20e4474f1109
EXPORTER_SECRET 002fb2361f8457f35c7a6bbc5c0032372a96ec71cd797d8e906b0d5668517647 88155c620e930a4443debe9390b510dc02711037f5629aa228e011be29ab0b5655da11bd9706ed9145cb4b9ad56e21a3
CLIENT_TRAFFIC_SECRET_0 98bdbd93407cae41becc58270b16772d1b185c8020f7a2f8469ea428e9f10c85 4046dbea080d4d8ad70e2b360706daab04cf3b9f2f04ee64e84b2e4de393b62b3b8ea99ef38ab6e07b6008af32826b33
SERVER_TRAFFIC_SECRET_0 98bdbd93407cae41becc58270b16772d1b185c8020f7a2f8469ea428e9f10c85 e7486c94d99166ff32162df3d89dc3f6789f2fb0040caeab8419328f5772deddba91362c53c72015995d57224720d93b
EXPORTER_SECRET 98bdbd93407cae41becc58270b16772d1b185c8020f7a2f8469ea428e9f10c85 f7767cbe370cbb38f17e07bf6255429962dfe3931982bcfd899d538874afddee41a21b172c196e325791da780510bb26
CLIENT_TRAFFIC_SECRET_0 cdd778b9fc361a5c22de483450b55408a56f9e44243b163475da636c127f77d7 422af84653d367c3a514a85b2724a2313fb335dca03e0e810be0ba9e77e48209c9213fb6929a9c029368f428410b68ac
SERVER_TRAFFIC_SECRET_0 cdd778b9fc361a5c22de483450b55408a56f9e44243b163475da636c127f77d7 caec28fcb80c16f650b1df2ed37820626ff5b5a829fb744d30cf56773559e100bf57c62efc08aa827a29bb24314a76df
EXPORTER_SECRET cdd778b9fc361a5c22de483450b55408a56f9e44243b163475da636c127f77d7 e9b7bc30d31c7de3fed1747338ae69980562e07f1054cb5a62ea02a9410c9bdd2ff131447fc1829453f444f49c040a14
CLIENT_TRAFFIC_SECRET_0 ddfd339a47966be381cd44a13a49fd0ab5a004bbab06f80834cbccfdf1bec3b9 ccea31a668c90da872fcf1b6ae2f533126a298628f97be5b21a0cf9bdcc8f74fb05ad985265009ed831ee165b537e5de
SERVER_TRAFFIC_SECRET_0 ddfd339a47966be381cd44a13a49fd0ab5a004bbab06f80834cbccfdf1bec3b9 e76af5a370c70862e9a45fa1b87f5432670c3bbd67aaaf4131e24540e7c9f172452372542c24b15b3a27c9e10471aba9
EXPORTER_SECRET ddfd339a47966be381cd44a13a49fd0ab5a004bbab06f80834cbccfdf1bec3b9 1cf19fce1741e04b724a39d327375061cc714a7bc6855c49c7fe240c6c789db1517b5f9054afc8c2b1066619c7048afd
CLIENT_HANDSHAKE_TRAFFIC_SECRET 32a58d62cf1254e60c97a9cd6602d241c781f011df786b4a125ea39fcc4bc155 7605c4a295c7862f8e06b962f0f857b32ca39aa9adfddf362f7de9c87d9c063013d2770aa795f2f4e8f3c467d42b6407
SERVER_HANDSHAKE_TRAFFIC_SECRET 32a58d62cf1254e60c97a9cd6602d241c781f011df786b4a125ea39fcc4bc155 f097279dc1592311cb23339417b51738d90453a58597f27b2d55ada18d8064b219b7a916d35b8169dbd06f0929c1dbcb
CLIENT_TRAFFIC_SECRET_0 32a58d62cf1254e60c97a9cd6602d241c781f011df786b4a125ea39fcc4bc155 3fd4092984e81901850f978f165d3d8249c102dbbdabeec16f65cc0b92dc2ec5b138b7115911706d14de843ec1b10721
SERVER_TRAFFIC_SECRET_0 32a58d62cf1254e60c97a9cd6602d241c781f011df786b4a125ea39fcc4bc155 3379ba50d4167b561309dab736c4c8dbbeca874e2d82df092c26dfc6c185574a81b5714df4fc268f9657f6b6bc11b179
EXPORTER_SECRET 32a58d62cf1254e60c97a9cd6602d241c781f011df786b4a125ea39fcc4bc155 97d8a068115335198d11ed88628ae4f04523895765bab8582ad62851631a1f282a9de62b24fe65618c415077f6e1f7cf
CLIENT_HANDSHAKE_TRAFFIC_SECRET fa2457660933a8e298bf0b08cb1e49ed04c328a5dc05b13c4b4c4612271d3d93 d0194672282f7ab4c40252167c51871985cefc1c5afdd6e7df82540094b88dd8dae4f7677732d49d22096fa2ae8477b4
SERVER_HANDSHAKE_TRAFFIC_SECRET fa2457660933a8e298bf0b08cb1e49ed04c328a5dc05b13c4b4c4612271d3d93 c0a3a354ade735391502314fe318db8bce3bd37c4045b2ebc638a1a51f403673ae07f7ee44a8cc5670fabe6f0f45dbd9
CLIENT_TRAFFIC_SECRET_0 fa2457660933a8e298bf0b08cb1e49ed04c328a5dc05b13c4b4c4612271d3d93 742ac00cf4d4068fb53a91a0f4df3aa4f8982d866f11e341c3e87473b3777a92f65c14c99e64bf68f405e3ca512bed11
SERVER_TRAFFIC_SECRET_0 fa2457660933a8e298bf0b08cb1e49ed04c328a5dc05b13c4b4c4612271d3d93 04d35787f14e163c92437b8bf74271137be7efa4b8fbae86ccde3b57255f2f594b76e594c2524e145d72b42f8953f22d
EXPORTER_SECRET fa2457660933a8e298bf0b08cb1e49ed04c328a5dc05b13c4b4c4612271d3d93 dd111ebcc596cf44ebab4bc5da0ecc0db8c84327d4602ee5070805380b6d9e1273b7d5ef087e377531096d3174198425
CLIENT_HANDSHAKE_TRAFFIC_SECRET 8617fcb61136312c2c265c4a41a2d957b5d768474bcd669a19b37202c1cfb5af f8a5538a6501deb1942bc3f7bb0df69b8e10a3671f28ad64dc56bb078f6d7543b7d3b07b277dfd9d72384a2a4e1674d6
SERVER_HANDSHAKE_TRAFFIC_SECRET 8617fcb61136312c2c265c4a41a2d957b5d768474bcd669a19b37202c1cfb5af c5b6551551f436f27282055232416fb5840cfa9bfb6b98b7dfdc84c0b5be6f21754627767c258bf9b437d1de226a295a
CLIENT_HANDSHAKE_TRAFFIC_SECRET 0158ca1d76b0777f12253bb54fbe3a975d38adb8226c36e057354483d55af8d1 56b91b7e410cd1ec497b8e08c9b1d31757ea676bc6aa8ad2fb16d008c20468ca47e50f0273c53d10e48b969d233c4efa
SERVER_HANDSHAKE_TRAFFIC_SECRET 0158ca1d76b0777f12253bb54fbe3a975d38adb8226c36e057354483d55af8d1 aad9dab21ca0e25f4eb902bf377be859ca24ad3f929251890d5980bb4eef0bd56f762a9e1b0c82d1e3e9528a5b4a45a4
CLIENT_HANDSHAKE_TRAFFIC_SECRET 1dc7c0cc90bb6ed0ff6ed1f9feb2027a8a8373d7c9e6884c4d5d8f9a95853629 006d12947c03af8ce48820dec5453574cb0ec73512b98e2e4efc07ca09251b801a411da54fe1b0e3ae2817effbcc364f
SERVER_HANDSHAKE_TRAFFIC_SECRET 1dc7c0cc90bb6ed0ff6ed1f9feb2027a8a8373d7c9e6884c4d5d8f9a95853629 1917dbcef2624bf192bfa320ee313725ccf979d43becfa27d82427a1ce9101529bb3c8bc94f5141ac24db4ea8c90dc4c
CLIENT_TRAFFIC_SECRET_0 8617fcb61136312c2c265c4a41a2d957b5d768474bcd669a19b37202c1cfb5af 60ef647364aa2fda1be491f16e22e524ccd4ebfe65393186bcfe9a19589b6344a80bd2bac67befd5604b49dff43c26a7
SERVER_TRAFFIC_SECRET_0 8617fcb61136312c2c265c4a41a2d957b5d768474bcd669a19b37202c1cfb5af 21ce4ebe099717302532107dfdb5510df53b4c175c710cc6aca3b5e903af5fcb106fcfe45e82fbe6b3ffa20ce4a5e5f2
EXPORTER_SECRET 8617fcb61136312c2c265c4a41a2d957b5d768474bcd669a19b37202c1cfb5af 989b76ab7f4aa539fdabc0516f92c95833d4b386fc6298f9e3bbb971d4efda0a73eeec2a57f67681d5fdaa657ca93372
CLIENT_TRAFFIC_SECRET_0 0158ca1d76b0777f12253bb54fbe3a975d38adb8226c36e057354483d55af8d1 24b6bbd422a0a2259973c88d94f52b7b87d3b0f7c0a87494326ad0db60afe318764a398a36e335a1700718502716bd1b
SERVER_TRAFFIC_SECRET_0 0158ca1d76b0777f12253bb54fbe3a975d38adb8226c36e057354483d55af8d1 bf4958c10a68f5a6b24b945566071ae1bc1e62b355bcb81f280926fabf27ba131827c6e7c76d885242d459f2d99d31e1
EXPORTER_SECRET 0158ca1d76b0777f12253bb54fbe3a975d38adb8226c36e057354483d55af8d1 c04019f009c8cc344fa92c168a02df0fcb541bc51f9f1558b2a8cf4948ee5b3a7b02853618363621f0e661902005fa81
CLIENT_TRAFFIC_SECRET_0 1dc7c0cc90bb6ed0ff6ed1f9feb2027a8a8373d7c9e6884c4d5d8f9a95853629 243eecf17de263641b71020af023fbb82850a507a59117daca90177af63bf7616cc00967868aeed4784f6f80c82d25c5
SERVER_TRAFFIC_SECRET_0 1dc7c0cc90bb6ed0ff6ed1f9feb2027a8a8373d7c9e6884c4d5d8f9a95853629 95c4e32b71e4d72c834f69afb28bbbdb73904ac9f81473f04466a8c073414888720204d75361c06c64ac4d2d73793d33
EXPORTER_SECRET 1dc7c0cc90bb6ed0ff6ed1f9feb2027a8a8373d7c9e6884c4d5d8f9a95853629 f973b2fd1209c9e1a0743f7223a84130cebe5cb836ceab36412ecc17e98e0e1dc48f5ff59487242d61883668889ff961
CLIENT_HANDSHAKE_TRAFFIC_SECRET 49d86eb693957e81d57bdd01797882a6a577c2aaaf33bca2611fe1c77851b248 c298db5f12ee4edee02122ebe8d0b41e7db27e5dad871ecab7dac7a3abcc6e2b0d8d3467c0e40e06d91ac97b5a0a9a62
SERVER_HANDSHAKE_TRAFFIC_SECRET 49d86eb693957e81d57bdd01797882a6a577c2aaaf33bca2611fe1c77851b248 c60a2369924ea5fedd25a5dcb0169c2d269db0f4ef8121a95737ffbdfbf1d138de359d672d1127550f7da1a255e09d3c
CLIENT_TRAFFIC_SECRET_0 49d86eb693957e81d57bdd01797882a6a577c2aaaf33bca2611fe1c77851b248 7f11ecea0dda4238f6aaf7666b0cd4ef4ae5accdd5fa2f85fc9dfe8df732674ff69c40d9984df48e5282bdceceed62be
SERVER_TRAFFIC_SECRET_0 49d86eb693957e81d57bdd01797882a6a577c2aaaf33bca2611fe1c77851b248 0c10ee1d7a319699b647f3f6be8e21b78926245652ffd15b3bc83edce00cd283528e4029e128ea02823363063816ad6a
EXPORTER_SECRET 49d86eb693957e81d57bdd01797882a6a577c2aaaf33bca2611fe1c77851b248 dc5fb604f37a378c6c895802ce3891dda089bd0461b0c9ff1b04c59a36baa1bd690c729f44fce0e81e949dbb0ae8e37f
CLIENT_HANDSHAKE_TRAFFIC_SECRET 3cf98f09ab6331ad95487392ba71c4c9096da71939d9055b5feb5ea0699c87a6 e8ba7f4e2b9bc4f0fbcbafb99c82b1e5df99f085007db1f964e88cdd3ddb822876b6d26edaf95e29e811a1bc1932000a
SERVER_HANDSHAKE_TRAFFIC_SECRET 3cf98f09ab6331ad95487392ba71c4c9096da71939d9055b5feb5ea0699c87a6 076cf68a45f34c33b9c0c2721792f1afaacf143ef1fe1a7e91495ffd931d0efcdc6c8fe0e3ba5d1679618708a328842c
CLIENT_HANDSHAKE_TRAFFIC_SECRET fd680404931bf6ede0f3cae9c655b9485bb918f88824e9bb4609a73c28ceb1fd 2b470393193d0128143621cda3241fbb10f55fa38daad9da0bb08657490b88df3b1428490aa68a3ac0efc1bfdc1b10cb
SERVER_HANDSHAKE_TRAFFIC_SECRET fd680404931bf6ede0f3cae9c655b9485bb918f88824e9bb4609a73c28ceb1fd 263beefde2b33278bd746a67eb164da242453082bbd4c6fd381158c57248e125e33befec72c25ad95595711ff79bba43
CLIENT_TRAFFIC_SECRET_0 3cf98f09ab6331ad95487392ba71c4c9096da71939d9055b5feb5ea0699c87a6 054d694d65fca2fb3b41f48d412ef12f075354a523c1f99652b492b356357fc2b6f2320a5e8f3dedc1ecc7092c52fd97
SERVER_TRAFFIC_SECRET_0 3cf98f09ab6331ad95487392ba71c4c9096da71939d9055b5feb5ea0699c87a6 25bfe2ceb43d5ebda817229951a1b537c52d00c40f0fb45b75631e763953a9e7bcdf0af49494ed2b483d0d8c9fc6c906
EXPORTER_SECRET 3cf98f09ab6331ad95487392ba71c4c9096da71939d9055b5feb5ea0699c87a6 235db6d75bbcd74e7d88d97cfc48de978b7dbbc1c1caded51cb05ee26d3169a7dd78b90d763a77e871407af51c5b8fae
CLIENT_TRAFFIC_SECRET_0 fd680404931bf6ede0f3cae9c655b9485bb918f88824e9bb4609a73c28ceb1fd 0d3938ea32bdf2a0dfff6568c3598ee9acfbe97ba6938e7f72bc69db91c272ac7101c7faad2445eaecf02657cc6c9141
SERVER_TRAFFIC_SECRET_0 fd680404931bf6ede0f3cae9c655b9485bb918f88824e9bb4609a73c28ceb1fd 80ee649371e572a6e7b54522cd82e9d41496f049d66a7192098db67af863469b19d606eb779ea0a4d32b5595e7029300
EXPORTER_SECRET fd680404931bf6ede0f3cae9c655b9485bb918f88824e9bb4609a73c28ceb1fd 9556b5ee27bf84ca7fc56939427f2db2d85526d73cdbb2879d91ae0a9d1276d38773fc1e82cdd91a3b850f5814cf48ad
CLIENT_RANDOM f783444ba5453534acef26367793c1dccf8810041e6356254c3c9b3df75b3800 8bbd5ecad3315c2db57d216a5d1eee7ae758748e2509d8d69931a81dde541528c20ca82a5534b35a04628049d8c2bb48
CLIENT_RANDOM 6d7616290b6989301233383641be33bbb8ff70fbc560e421ae5430e7a03fb54a 8bbd5ecad3315c2db57d216a5d1eee7ae758748e2509d8d69931a81dde541528c20ca82a5534b35a04628049d8c2bb48
